# JRE version: Java(TM) SE Runtime Environment (17.0.10+11) (build 17.0.10+11-LTS-240)
# Java VM: Java HotSpot(TM) 64-Bit Server VM (17.0.10+11-LTS-240, mixed mode, sharing, tiered, compressed oops, compressed class ptrs, g1 gc, windows-amd64)
GC Precious Log:
 CPUs: 20 total, 20 available
 Memory: 32455M
 Large Page Support: Disabled
 NUMA Support: Disabled
 Compressed Oops: Enabled (Zero based)
 Heap Region Size: 4M
 Heap Min Capacity: 8M
 Heap Initial Capacity: 508M
 Heap Max Capacity: 8116M
 Pre-touch: Disabled
 Parallel Workers: 15
 Concurrent Workers: 4
 Concurrent Refinement Workers: 15
 Periodic GC: Disabled
Heap:
 garbage-first heap   total 1236992K, used 800965K [0x0000000604c00000, 0x0000000800000000)
  region size 4096K, 23 young (94208K), 10 survivors (40960K)
 Metaspace       used 12294K, committed 12608K, reserved 1114112K
  class space    used 716K, committed 896K, reserved 1048576K
GC Heap History (20 events):
Event: 4.497 GC heap before
{Heap before GC invocations=11 (full 0):
 garbage-first heap   total 724992K, used 552959K [0x0000000604c00000, 0x0000000800000000)
  region size 4096K, 52 young (212992K), 7 survivors (28672K)
 Metaspace       used 9157K, committed 9344K, reserved 1114112K
  class space    used 480K, committed 576K, reserved 1048576K
}
Event: 4.504 GC heap after
{Heap after GC invocations=12 (full 0):
 garbage-first heap   total 724992K, used 405824K [0x0000000604c00000, 0x0000000800000000)
  region size 4096K, 7 young (28672K), 7 survivors (28672K)
 Metaspace       used 9157K, committed 9344K, reserved 1114112K
  class space    used 480K, committed 576K, reserved 1048576K
}
Event: 4.621 GC heap before
{Heap before GC invocations=13 (full 0):
 garbage-first heap   total 724992K, used 565568K [0x0000000604c00000, 0x0000000800000000)
  region size 4096K, 47 young (192512K), 7 survivors (28672K)
 Metaspace       used 9157K, committed 9344K, reserved 1114112K
  class space    used 480K, committed 576K, reserved 1048576K
}
Event: 4.627 GC heap after
{Heap after GC invocations=14 (full 0):
 garbage-first heap   total 884736K, used 435161K [0x0000000604c00000, 0x0000000800000000)
  region size 4096K, 6 young (24576K), 6 survivors (24576K)
 Metaspace       used 9157K, committed 9344K, reserved 1114112K
  class space    used 480K, committed 576K, reserved 1048576K
}
Event: 4.786 GC heap before
{Heap before GC invocations=14 (full 0):
 garbage-first heap   total 884736K, used 672729K [0x0000000604c00000, 0x0000000800000000)
  region size 4096K, 65 young (266240K), 6 survivors (24576K)
 Metaspace       used 9202K, committed 9408K, reserved 1114112K
  class space    used 480K, committed 576K, reserved 1048576K
}
Event: 4.793 GC heap after
{Heap after GC invocations=15 (full 0):
 garbage-first heap   total 884736K, used 478965K [0x0000000604c00000, 0x0000000800000000)
  region size 4096K, 9 young (36864K), 9 survivors (36864K)
 Metaspace       used 9202K, committed 9408K, reserved 1114112K
  class space    used 480K, committed 576K, reserved 1048576K
}
Event: 4.941 GC heap before
{Heap before GC invocations=16 (full 0):
 garbage-first heap   total 884736K, used 687861K [0x0000000604c00000, 0x0000000800000000)
  region size 4096K, 61 young (249856K), 9 survivors (36864K)
 Metaspace       used 9202K, committed 9408K, reserved 1114112K
  class space    used 480K, committed 576K, reserved 1048576K
}
Event: 4.948 GC heap after
{Heap after GC invocations=17 (full 0):
 garbage-first heap   total 884736K, used 516858K [0x0000000604c00000, 0x0000000800000000)
  region size 4096K, 8 young (32768K), 8 survivors (32768K)
 Metaspace       used 9202K, committed 9408K, reserved 1114112K
  class space    used 480K, committed 576K, reserved 1048576K
}
Event: 5.075 GC heap before
{Heap before GC invocations=17 (full 0):
 garbage-first heap   total 884736K, used 701178K [0x0000000604c00000, 0x0000000800000000)
  region size 4096K, 54 young (221184K), 8 survivors (32768K)
 Metaspace       used 9202K, committed 9408K, reserved 1114112K
  class space    used 480K, committed 576K, reserved 1048576K
}
Event: 5.081 GC heap after
{Heap after GC invocations=18 (full 0):
 garbage-first heap   total 884736K, used 550925K [0x0000000604c00000, 0x0000000800000000)
  region size 4096K, 7 young (28672K), 7 survivors (28672K)
 Metaspace       used 9202K, committed 9408K, reserved 1114112K
  class space    used 480K, committed 576K, reserved 1048576K
}
Event: 5.215 GC heap before
{Heap before GC invocations=19 (full 0):
 garbage-first heap   total 937984K, used 710669K [0x0000000604c00000, 0x0000000800000000)
  region size 4096K, 47 young (192512K), 7 survivors (28672K)
 Metaspace       used 9205K, committed 9408K, reserved 1114112K
  class space    used 480K, committed 576K, reserved 1048576K
}
Event: 5.221 GC heap after
{Heap after GC invocations=20 (full 0):
 garbage-first heap   total 937984K, used 580248K [0x0000000604c00000, 0x0000000800000000)
  region size 4096K, 6 young (24576K), 6 survivors (24576K)
 Metaspace       used 9205K, committed 9408K, reserved 1114112K
  class space    used 480K, committed 576K, reserved 1048576K
}
Event: 5.725 GC heap before
{Heap before GC invocations=20 (full 0):
 garbage-first heap   total 937984K, used 756376K [0x0000000604c00000, 0x0000000800000000)
  region size 4096K, 50 young (204800K), 6 survivors (24576K)
 Metaspace       used 9260K, committed 9472K, reserved 1114112K
  class space    used 480K, committed 576K, reserved 1048576K
}
Event: 5.731 GC heap after
{Heap after GC invocations=21 (full 0):
 garbage-first heap   total 1236992K, used 612325K [0x0000000604c00000, 0x0000000800000000)
  region size 4096K, 7 young (28672K), 7 survivors (28672K)
 Metaspace       used 9260K, committed 9472K, reserved 1114112K
  class space    used 480K, committed 576K, reserved 1048576K
}
Event: 6.504 GC heap before
{Heap before GC invocations=22 (full 0):
 garbage-first heap   total 1236992K, used 935909K [0x0000000604c00000, 0x0000000800000000)
  region size 4096K, 87 young (356352K), 7 survivors (28672K)
 Metaspace       used 9476K, committed 9664K, reserved 1114112K
  class space    used 481K, committed 576K, reserved 1048576K
}
Event: 6.512 GC heap after
{Heap after GC invocations=23 (full 0):
 garbage-first heap   total 1236992K, used 663844K [0x0000000604c00000, 0x0000000800000000)
  region size 4096K, 11 young (45056K), 11 survivors (45056K)
 Metaspace       used 9476K, committed 9664K, reserved 1114112K
  class space    used 481K, committed 576K, reserved 1048576K
}
Event: 9.586 GC heap before
{Heap before GC invocations=23 (full 0):
 garbage-first heap   total 1236992K, used 950564K [0x0000000604c00000, 0x0000000800000000)
  region size 4096K, 82 young (335872K), 11 survivors (45056K)
 Metaspace       used 9492K, committed 9728K, reserved 1114112K
  class space    used 481K, committed 576K, reserved 1048576K
}
Event: 9.594 GC heap after
{Heap after GC invocations=24 (full 0):
 garbage-first heap   total 1236992K, used 679737K [0x0000000604c00000, 0x0000000800000000)
  region size 4096K, 5 young (20480K), 5 survivors (20480K)
 Metaspace       used 9492K, committed 9728K, reserved 1114112K
  class space    used 481K, committed 576K, reserved 1048576K
}
Event: 18.722 GC heap before
{Heap before GC invocations=25 (full 0):
 garbage-first heap   total 1236992K, used 970553K [0x0000000604c00000, 0x0000000800000000)
  region size 4096K, 77 young (315392K), 5 survivors (20480K)
 Metaspace       used 12171K, committed 12544K, reserved 1114112K
  class space    used 716K, committed 896K, reserved 1048576K
}
Event: 19.015 GC heap after
{Heap after GC invocations=26 (full 0):
 garbage-first heap   total 1236992K, used 751813K [0x0000000604c00000, 0x0000000800000000)
  region size 4096K, 10 young (40960K), 10 survivors (40960K)
 Metaspace       used 12171K, committed 12544K, reserved 1114112K
  class space    used 716K, committed 896K, reserved 1048576K
}

